[2015-04-24 12:52:44.992][debug][command:374cddc4-53a2-4d80-9af3-a56105ff844f][tid:01][com.facebook.buck.cli.Main] Starting up (build date 2015-04-23 13:15:42 -0700, rev 56bc2eba8692cc8dfa18e00de1c11d020f653bdf), args: [build, --verbose, 10, //sys:sys_test]
[2015-04-24 12:52:45.080][debug][command:374cddc4-53a2-4d80-9af3-a56105ff844f][tid:01][com.facebook.buck.io.ExecutableFinder] Executable 'python2' mapped to 'Optional.of(/usr/bin/python2)'
[2015-04-24 12:52:45.155][debug][command:374cddc4-53a2-4d80-9af3-a56105ff844f][tid:01][com.facebook.buck.io.ExecutableFinder] Executable 'python2' mapped to 'Optional.of(/usr/bin/python2)'
[2015-04-24 12:52:45.156][debug][command:374cddc4-53a2-4d80-9af3-a56105ff844f][tid:01][com.facebook.buck.io.ExecutableFinder] Executable 'python2' mapped to 'Optional.of(/usr/bin/python2)'
[2015-04-24 12:52:45.251][debug][command:374cddc4-53a2-4d80-9af3-a56105ff844f][tid:12][com.facebook.buck.event.listener.LoggingBuildListener] CommandStarted(build, isDaemon: false)
[2015-04-24 12:52:45.320][debug][command:374cddc4-53a2-4d80-9af3-a56105ff844f][tid:12][com.facebook.buck.event.listener.LoggingBuildListener] ArtifactCacheConnectStarted()
[2015-04-24 12:52:45.323][debug][command:374cddc4-53a2-4d80-9af3-a56105ff844f][tid:12][com.facebook.buck.event.listener.LoggingBuildListener] ArtifactCacheConnectFinished()
[2015-04-24 12:52:45.338][info ][command:374cddc4-53a2-4d80-9af3-a56105ff844f][tid:12][com.facebook.buck.event.listener.LoggingBuildListener] Build started at 2015-04-24 12:52:45.326
[2015-04-24 12:52:45.342][debug][command:374cddc4-53a2-4d80-9af3-a56105ff844f][tid:01][com.facebook.buck.parser.Parser] Parser invalidating entire cache on default include change.
[2015-04-24 12:52:45.342][debug][command:374cddc4-53a2-4d80-9af3-a56105ff844f][tid:01][com.facebook.buck.parser.Parser] Invalidating all cached data.
[2015-04-24 12:52:45.342][debug][command:374cddc4-53a2-4d80-9af3-a56105ff844f][tid:01][com.facebook.buck.parser.Parser] Invalidating all cached data.
[2015-04-24 12:52:45.342][debug][command:374cddc4-53a2-4d80-9af3-a56105ff844f][tid:01][com.facebook.buck.parser.Parser] Parsing BUCK file: /home/chris/goose/sys/BUCK
[2015-04-24 12:52:45.342][debug][command:374cddc4-53a2-4d80-9af3-a56105ff844f][tid:12][com.facebook.buck.event.listener.LoggingBuildListener] BuckFilesParseStarted()
[2015-04-24 12:52:45.343][debug][command:374cddc4-53a2-4d80-9af3-a56105ff844f][tid:01][com.facebook.buck.io.ExecutableFinder] Executable 'python2' mapped to 'Optional.of(/usr/bin/python2)'
[2015-04-24 12:52:45.343][debug][command:374cddc4-53a2-4d80-9af3-a56105ff844f][tid:01][com.facebook.buck.json.ProjectBuildFileParser] Creating temporary buck.py instance...
[2015-04-24 12:52:45.483][debug][command:374cddc4-53a2-4d80-9af3-a56105ff844f][tid:01][com.facebook.buck.json.ProjectBuildFileParser] Created temporary buck.py instance at /home/chris/goose/buck-out/tmp/buck_run.nGxE2W/buck7590220683821916023.py.
[2015-04-24 12:52:45.484][debug][command:374cddc4-53a2-4d80-9af3-a56105ff844f][tid:01][com.facebook.buck.json.ProjectBuildFileParser] Starting buck.py command: [/usr/bin/python2, -u, /home/chris/goose/buck-out/tmp/buck_run.nGxE2W/buck7590220683821916023.py, --allow_empty_globs, --project_root, /home/chris/goose, --build_file_name, BUCK] environment: {TERM=xterm, GNOME_KEYRING_CONTROL=/home/chris/.cache/keyring-8RAqXd, SHLVL=1, SSH_AGENT_PID=3775, PYTHONPATH=/home/chris/buck/third-party/py/pathlib, COLORTERM=gnome-terminal, SESSION_MANAGER=local/goose-dev-debian:@/tmp/.ICE-unix/3711,unix/goose-dev-debian:/tmp/.ICE-unix/3711, GNOME_DESKTOP_SESSION_ID=this-is-deprecated, GDMSESSION=default, XDG_SESSION_COOKIE=38d7ba50b508159de6ea23d95536f720-1429666130.156132-295599349, XDG_DATA_DIRS=/usr/share/gnome:/usr/local/share/:/usr/share/, PWD=/home/chris/goose, WINDOWID=39845892, LOGNAME=chris, GPG_AGENT_INFO=/home/chris/.cache/keyring-8RAqXd/gpg:0:1, _=/usr/bin/buck, SSH_AUTH_SOCK=/home/chris/.cache/keyring-8RAqXd/ssh, OLDPWD=/home/chris/buck, DBUS_SESSION_BUS_ADDRESS=unix:abstract=/tmp/dbus-DtccV2yVbo,guid=fb727ec82d4de86bc20e5ecd5536f952, SHELL=/bin/bash, GNOME_KEYRING_PID=3694, PATH=/usr/local/bin:/usr/bin:/bin:/usr/local/games:/usr/games, DESKTOP_SESSION=default, DISPLAY=:0.0, USER=chris, HOME=/home/chris, XAUTHORITY=/var/run/gdm3/auth-for-chris-JbpuXu/database, WINDOWPATH=8, LS_COLORS=rs=0:di=01;34:ln=01;36:mh=00:pi=40;33:so=01;35:do=01;35:bd=40;33;01:cd=40;33;01:or=40;31;01:su=37;41:sg=30;43:ca=30;41:tw=30;42:ow=34;42:st=37;44:ex=01;32:*.tar=01;31:*.tgz=01;31:*.arj=01;31:*.taz=01;31:*.lzh=01;31:*.lzma=01;31:*.tlz=01;31:*.txz=01;31:*.zip=01;31:*.z=01;31:*.Z=01;31:*.dz=01;31:*.gz=01;31:*.lz=01;31:*.xz=01;31:*.bz2=01;31:*.bz=01;31:*.tbz=01;31:*.tbz2=01;31:*.tz=01;31:*.deb=01;31:*.rpm=01;31:*.jar=01;31:*.war=01;31:*.ear=01;31:*.sar=01;31:*.rar=01;31:*.ace=01;31:*.zoo=01;31:*.cpio=01;31:*.7z=01;31:*.rz=01;31:*.jpg=01;35:*.jpeg=01;35:*.gif=01;35:*.bmp=01;35:*.pbm=01;35:*.pgm=01;35:*.ppm=01;35:*.tga=01;35:*.xbm=01;35:*.xpm=01;35:*.tif=01;35:*.tiff=01;35:*.png=01;35:*.svg=01;35:*.svgz=01;35:*.mng=01;35:*.pcx=01;35:*.mov=01;35:*.mpg=01;35:*.mpeg=01;35:*.m2v=01;35:*.mkv=01;35:*.webm=01;35:*.ogm=01;35:*.mp4=01;35:*.m4v=01;35:*.mp4v=01;35:*.vob=01;35:*.qt=01;35:*.nuv=01;35:*.wmv=01;35:*.asf=01;35:*.rm=01;35:*.rmvb=01;35:*.flc=01;35:*.avi=01;35:*.fli=01;35:*.flv=01;35:*.gl=01;35:*.dl=01;35:*.xcf=01;35:*.xwd=01;35:*.yuv=01;35:*.cgm=01;35:*.emf=01;35:*.axv=01;35:*.anx=01;35:*.ogv=01;35:*.ogx=01;35:*.aac=00;36:*.au=00;36:*.flac=00;36:*.mid=00;36:*.midi=00;36:*.mka=00;36:*.mp3=00;36:*.mpc=00;36:*.ogg=00;36:*.ra=00;36:*.wav=00;36:*.axa=00;36:*.oga=00;36:*.spx=00;36:*.xspf=00;36:, USERNAME=chris, LANG=en_US.UTF-8}
[2015-04-24 12:52:45.491][debug][command:374cddc4-53a2-4d80-9af3-a56105ff844f][tid:01][com.facebook.buck.json.ProjectBuildFileParser] Started process java.lang.UNIXProcess@304e5770 successfully
[2015-04-24 12:52:45.560][debug][command:374cddc4-53a2-4d80-9af3-a56105ff844f][tid:01][com.facebook.buck.json.ProjectBuildFileParser] Parsing output of process java.lang.UNIXProcess@304e5770...
[2015-04-24 12:52:45.583][debug][command:374cddc4-53a2-4d80-9af3-a56105ff844f][tid:01][com.facebook.buck.json.ProjectBuildFileParser] Parsed 3 rules from process
[2015-04-24 12:52:45.598][debug][command:374cddc4-53a2-4d80-9af3-a56105ff844f][tid:12][com.facebook.buck.event.listener.LoggingBuildListener] ParseStarted(//sys:sys_test)
[2015-04-24 12:52:45.603][debug][command:374cddc4-53a2-4d80-9af3-a56105ff844f][tid:12][com.facebook.buck.event.listener.LoggingBuildListener] ParseFinished(//sys:sys_test)
[2015-04-24 12:52:45.606][debug][command:374cddc4-53a2-4d80-9af3-a56105ff844f][tid:01][com.facebook.buck.json.ProjectBuildFileParser] Waiting for process java.lang.UNIXProcess@304e5770 to exit...
[2015-04-24 12:52:45.608][debug][command:374cddc4-53a2-4d80-9af3-a56105ff844f][tid:01][com.facebook.buck.json.ProjectBuildFileParser] Process java.lang.UNIXProcess@304e5770 exited cleanly.
[2015-04-24 12:52:45.609][debug][command:374cddc4-53a2-4d80-9af3-a56105ff844f][tid:12][com.facebook.buck.event.listener.LoggingBuildListener] BuckFilesParseFinished()
[2015-04-24 12:52:45.609][debug][command:374cddc4-53a2-4d80-9af3-a56105ff844f][tid:12][com.facebook.buck.event.listener.LoggingBuildListener] BuildActionGraphStarted()
[2015-04-24 12:52:45.648][debug][command:374cddc4-53a2-4d80-9af3-a56105ff844f][tid:12][com.facebook.buck.event.listener.LoggingBuildListener] BuildActionGraphFinished()
[2015-04-24 12:52:45.665][debug][command:374cddc4-53a2-4d80-9af3-a56105ff844f][tid:12][com.facebook.buck.event.listener.LoggingBuildListener] RuleCountCalculated(//sys:sys_test)
[2015-04-24 12:52:45.773][warn ][command:374cddc4-53a2-4d80-9af3-a56105ff844f][tid:12][com.facebook.buck.rules.RuleKey.Builder] Attempting to add absolute path to rule key. Only using file name: /usr/bin/gcc
[2015-04-24 12:52:45.784][debug][command:374cddc4-53a2-4d80-9af3-a56105ff844f][tid:12][com.facebook.buck.event.listener.LoggingBuildListener] ArtifactFetchCacheStarted(fetch:4821fc6ef18621038a9d034c26182cc9ef0da606)
[2015-04-24 12:52:45.786][debug][command:374cddc4-53a2-4d80-9af3-a56105ff844f][tid:12][com.facebook.buck.event.listener.LoggingBuildListener] ArtifactFetchCacheFinished(fetch:4821fc6ef18621038a9d034c26182cc9ef0da606)
[2015-04-24 12:52:45.786][debug][command:374cddc4-53a2-4d80-9af3-a56105ff844f][tid:14][com.facebook.buck.rules.CachingBuildEngine] Building locally: //sys:sys_test#compile-io_gas.s.o,default
[2015-04-24 12:52:45.800][debug][command:374cddc4-53a2-4d80-9af3-a56105ff844f][tid:14][com.facebook.buck.step.DefaultStepRunner] StepStarted(mkdir)
[2015-04-24 12:52:45.801][debug][command:374cddc4-53a2-4d80-9af3-a56105ff844f][tid:14][com.facebook.buck.step.DefaultStepRunner] StepFinished(mkdir)
[2015-04-24 12:52:45.803][debug][command:374cddc4-53a2-4d80-9af3-a56105ff844f][tid:14][com.facebook.buck.step.DefaultStepRunner] StepStarted(assembler compile)
[2015-04-24 12:52:45.803][debug][command:374cddc4-53a2-4d80-9af3-a56105ff844f][tid:14][com.facebook.buck.cxx.CxxPreprocessAndCompileStep] compile sys/io_gas.s -> buck-out/gen/sys/sys_test#compile-io_gas.s.o,default/io_gas.s.o
[2015-04-24 12:52:45.804][debug][command:374cddc4-53a2-4d80-9af3-a56105ff844f][tid:14][com.facebook.buck.cxx.CxxPreprocessAndCompileStep] Running command (pwd=/home/chris/goose): /usr/bin/gcc -c -o buck-out/gen/sys/sys_test#compile-io_gas.s.o,default/io_gas.s.o sys/io_gas.s
[2015-04-24 12:52:45.834][debug][command:374cddc4-53a2-4d80-9af3-a56105ff844f][tid:14][com.facebook.buck.step.DefaultStepRunner] StepFinished(assembler compile)
[2015-04-24 12:52:45.834][debug][command:374cddc4-53a2-4d80-9af3-a56105ff844f][tid:14][com.facebook.buck.rules.CachingBuildEngine] Build completed: compile //sys:sys_test#compile-io_gas.s.o,default (48173922ns)
[2015-04-24 12:52:45.846][debug][command:374cddc4-53a2-4d80-9af3-a56105ff844f][tid:14][com.facebook.buck.rules.CachingBuildEngine] Building locally: //sys:sys_test#default,header-symlink-tree
[2015-04-24 12:52:45.850][debug][command:374cddc4-53a2-4d80-9af3-a56105ff844f][tid:14][com.facebook.buck.step.DefaultStepRunner] StepStarted(rm_&&_mkdir)
[2015-04-24 12:52:45.850][debug][command:374cddc4-53a2-4d80-9af3-a56105ff844f][tid:14][com.facebook.buck.step.DefaultStepRunner] StepFinished(rm_&&_mkdir)
[2015-04-24 12:52:45.858][debug][command:374cddc4-53a2-4d80-9af3-a56105ff844f][tid:14][com.facebook.buck.step.DefaultStepRunner] StepStarted(link_tree)
[2015-04-24 12:52:45.858][debug][command:374cddc4-53a2-4d80-9af3-a56105ff844f][tid:14][com.facebook.buck.step.DefaultStepRunner] StepFinished(link_tree)
[2015-04-24 12:52:45.859][debug][command:374cddc4-53a2-4d80-9af3-a56105ff844f][tid:14][com.facebook.buck.rules.CachingBuildEngine] Build completed: header_symlink_tree //sys:sys_test#default,header-symlink-tree (12449671ns)
[2015-04-24 12:52:45.881][warn ][command:374cddc4-53a2-4d80-9af3-a56105ff844f][tid:12][com.facebook.buck.rules.RuleKey.Builder] Attempting to add absolute path to rule key. Only using file name: /usr/bin/g++
[2015-04-24 12:52:45.883][debug][command:374cddc4-53a2-4d80-9af3-a56105ff844f][tid:14][com.facebook.buck.rules.CachingBuildEngine] Building locally: //sys:sys_test#default,preprocess-test.cpp.ii
[2015-04-24 12:52:45.888][debug][command:374cddc4-53a2-4d80-9af3-a56105ff844f][tid:14][com.facebook.buck.step.DefaultStepRunner] StepStarted(mkdir)
[2015-04-24 12:52:45.889][debug][command:374cddc4-53a2-4d80-9af3-a56105ff844f][tid:14][com.facebook.buck.step.DefaultStepRunner] StepFinished(mkdir)
[2015-04-24 12:52:45.890][debug][command:374cddc4-53a2-4d80-9af3-a56105ff844f][tid:14][com.facebook.buck.step.DefaultStepRunner] StepStarted(c++ preprocess)
[2015-04-24 12:52:45.890][debug][command:374cddc4-53a2-4d80-9af3-a56105ff844f][tid:14][com.facebook.buck.cxx.CxxPreprocessAndCompileStep] preprocess sys/test.cpp -> buck-out/gen/sys/sys_test#default,preprocess-test.cpp.ii/test.cpp.ii
[2015-04-24 12:52:45.890][debug][command:374cddc4-53a2-4d80-9af3-a56105ff844f][tid:14][com.facebook.buck.cxx.CxxPreprocessAndCompileStep] Running command (pwd=/home/chris/goose): /usr/bin/g++ -E -x c++ '-std=c++11' -I. -m32 -I buck-out/gen/sys/sys_test#default,header-symlink-tree sys/test.cpp
[2015-04-24 12:52:45.891][debug][command:374cddc4-53a2-4d80-9af3-a56105ff844f][tid:12][com.facebook.buck.event.listener.LoggingBuildListener] ArtifactFetchCacheStarted(fetch:c5a86cee38f646197fb93d1513efa6ab4f4be6a1)
[2015-04-24 12:52:45.891][debug][command:374cddc4-53a2-4d80-9af3-a56105ff844f][tid:12][com.facebook.buck.event.listener.LoggingBuildListener] ArtifactFetchCacheFinished(fetch:c5a86cee38f646197fb93d1513efa6ab4f4be6a1)
[2015-04-24 12:52:45.902][debug][command:374cddc4-53a2-4d80-9af3-a56105ff844f][tid:14][com.facebook.buck.step.DefaultStepRunner] StepFinished(c++ preprocess)
[2015-04-24 12:52:45.903][debug][command:374cddc4-53a2-4d80-9af3-a56105ff844f][tid:14][com.facebook.buck.rules.CachingBuildEngine] Build completed: preprocess //sys:sys_test#default,preprocess-test.cpp.ii (19525398ns)
[2015-04-24 12:52:45.907][warn ][command:374cddc4-53a2-4d80-9af3-a56105ff844f][tid:14][com.facebook.buck.rules.RuleKey.Builder] Attempting to add absolute path to rule key. Only using file name: /usr/bin/g++
[2015-04-24 12:52:45.908][debug][command:374cddc4-53a2-4d80-9af3-a56105ff844f][tid:14][com.facebook.buck.rules.CachingBuildEngine] Building locally: //sys:sys_test#compile-test.cpp.o,default
[2015-04-24 12:52:45.909][debug][command:374cddc4-53a2-4d80-9af3-a56105ff844f][tid:14][com.facebook.buck.step.DefaultStepRunner] StepStarted(mkdir)
[2015-04-24 12:52:45.911][debug][command:374cddc4-53a2-4d80-9af3-a56105ff844f][tid:14][com.facebook.buck.step.DefaultStepRunner] StepFinished(mkdir)
[2015-04-24 12:52:45.911][debug][command:374cddc4-53a2-4d80-9af3-a56105ff844f][tid:14][com.facebook.buck.step.DefaultStepRunner] StepStarted(c++-cpp-output compile)
[2015-04-24 12:52:45.912][debug][command:374cddc4-53a2-4d80-9af3-a56105ff844f][tid:14][com.facebook.buck.cxx.CxxPreprocessAndCompileStep] compile buck-out/gen/sys/sys_test#default,preprocess-test.cpp.ii/test.cpp.ii -> buck-out/gen/sys/sys_test#compile-test.cpp.o,default/test.cpp.o
[2015-04-24 12:52:45.912][debug][command:374cddc4-53a2-4d80-9af3-a56105ff844f][tid:14][com.facebook.buck.cxx.CxxPreprocessAndCompileStep] Running command (pwd=/home/chris/goose): /usr/bin/g++ -c '-std=c++11' -I. -m32 -o buck-out/gen/sys/sys_test#compile-test.cpp.o,default/test.cpp.o buck-out/gen/sys/sys_test#default,preprocess-test.cpp.ii/test.cpp.ii
[2015-04-24 12:52:45.928][debug][command:374cddc4-53a2-4d80-9af3-a56105ff844f][tid:14][com.facebook.buck.step.DefaultStepRunner] StepFinished(c++-cpp-output compile)
[2015-04-24 12:52:45.928][debug][command:374cddc4-53a2-4d80-9af3-a56105ff844f][tid:14][com.facebook.buck.rules.CachingBuildEngine] Build completed: compile //sys:sys_test#compile-test.cpp.o,default (19425950ns)
[2015-04-24 12:52:45.933][warn ][command:374cddc4-53a2-4d80-9af3-a56105ff844f][tid:14][com.facebook.buck.rules.RuleKey.Builder] Attempting to add absolute path to rule key. Only using file name: /usr/bin/g++
[2015-04-24 12:52:45.934][debug][command:374cddc4-53a2-4d80-9af3-a56105ff844f][tid:14][com.facebook.buck.rules.CachingBuildEngine] Building locally: //sys:sys_test#binary
[2015-04-24 12:52:45.940][debug][command:374cddc4-53a2-4d80-9af3-a56105ff844f][tid:14][com.facebook.buck.step.DefaultStepRunner] StepStarted(mkdir)
[2015-04-24 12:52:45.941][debug][command:374cddc4-53a2-4d80-9af3-a56105ff844f][tid:14][com.facebook.buck.step.DefaultStepRunner] StepFinished(mkdir)
[2015-04-24 12:52:45.942][debug][command:374cddc4-53a2-4d80-9af3-a56105ff844f][tid:14][com.facebook.buck.shell.ShellStep] Command: /usr/bin/g++ -o buck-out/gen/sys/sys_test/sys_test -Wl,--whole-archive -Xlinker buck-out/gen/sys/sys_test#compile-io_gas.s.o,default/io_gas.s.o -Wl,--no-whole-archive -Wl,--whole-archive -Xlinker buck-out/gen/sys/sys_test#compile-test.cpp.o,default/test.cpp.o -Wl,--no-whole-archive
[2015-04-24 12:52:45.944][debug][command:374cddc4-53a2-4d80-9af3-a56105ff844f][tid:14][com.facebook.buck.step.DefaultStepRunner] StepStarted(c++ link)
[2015-04-24 12:52:45.978][debug][command:374cddc4-53a2-4d80-9af3-a56105ff844f][tid:14][com.facebook.buck.step.DefaultStepRunner] StepFinished(c++ link)
[2015-04-24 12:52:45.980][warn ][command:374cddc4-53a2-4d80-9af3-a56105ff844f][tid:12][com.facebook.buck.event.listener.LoggingBuildListener] [1m[41m[37m/usr/bin/ld: i386 architecture of input file `buck-out/gen/sys/sys_test#compile-test.cpp.o,default/test.cpp.o' is incompatible with i386:x86-64 output
collect2: error: ld returned 1 exit status
[0m
[2015-04-24 12:52:45.984][info ][command:374cddc4-53a2-4d80-9af3-a56105ff844f][tid:12][com.facebook.buck.event.listener.LoggingBuildListener] Build finished at 2015-04-24 12:52:45.981
[2015-04-24 12:52:45.988][debug][command:374cddc4-53a2-4d80-9af3-a56105ff844f][tid:01][com.facebook.buck.parser.Parser] Cleaning cache of build files with inputs under symlink []
[2015-04-24 12:52:45.988][debug][command:374cddc4-53a2-4d80-9af3-a56105ff844f][tid:12][com.facebook.buck.event.listener.LoggingBuildListener] CommandFinished(build, isDaemon: false)
[2015-04-24 12:52:45.991][debug][command:374cddc4-53a2-4d80-9af3-a56105ff844f][tid:01][com.facebook.buck.event.listener.ChromeTraceBuildListener] Writing Chrome trace to buck-out/log/traces/build.2015-04-24.12-52-45.374cddc4-53a2-4d80-9af3-a56105ff844f.trace
[2015-04-24 12:52:46.112][debug][command:374cddc4-53a2-4d80-9af3-a56105ff844f][tid:01][com.facebook.buck.cli.Main] Done.
