[2015-04-24 12:55:07.124][debug][command:6a4b795d-b8ee-4e71-9d60-58ef91ca2083][tid:01][com.facebook.buck.cli.Main] Starting up (build date 2015-04-23 13:15:42 -0700, rev 56bc2eba8692cc8dfa18e00de1c11d020f653bdf), args: [build, --verbose, 10, //sys:sys_test]
[2015-04-24 12:55:07.212][debug][command:6a4b795d-b8ee-4e71-9d60-58ef91ca2083][tid:01][com.facebook.buck.io.ExecutableFinder] Executable 'python2' mapped to 'Optional.of(/usr/bin/python2)'
[2015-04-24 12:55:07.287][debug][command:6a4b795d-b8ee-4e71-9d60-58ef91ca2083][tid:01][com.facebook.buck.io.ExecutableFinder] Executable 'python2' mapped to 'Optional.of(/usr/bin/python2)'
[2015-04-24 12:55:07.289][debug][command:6a4b795d-b8ee-4e71-9d60-58ef91ca2083][tid:01][com.facebook.buck.io.ExecutableFinder] Executable 'python2' mapped to 'Optional.of(/usr/bin/python2)'
[2015-04-24 12:55:07.384][debug][command:6a4b795d-b8ee-4e71-9d60-58ef91ca2083][tid:12][com.facebook.buck.event.listener.LoggingBuildListener] CommandStarted(build, isDaemon: false)
[2015-04-24 12:55:07.452][debug][command:6a4b795d-b8ee-4e71-9d60-58ef91ca2083][tid:12][com.facebook.buck.event.listener.LoggingBuildListener] ArtifactCacheConnectStarted()
[2015-04-24 12:55:07.456][debug][command:6a4b795d-b8ee-4e71-9d60-58ef91ca2083][tid:12][com.facebook.buck.event.listener.LoggingBuildListener] ArtifactCacheConnectFinished()
[2015-04-24 12:55:07.467][debug][command:6a4b795d-b8ee-4e71-9d60-58ef91ca2083][tid:01][com.facebook.buck.parser.Parser] Parser invalidating entire cache on default include change.
[2015-04-24 12:55:07.467][debug][command:6a4b795d-b8ee-4e71-9d60-58ef91ca2083][tid:01][com.facebook.buck.parser.Parser] Invalidating all cached data.
[2015-04-24 12:55:07.467][debug][command:6a4b795d-b8ee-4e71-9d60-58ef91ca2083][tid:01][com.facebook.buck.parser.Parser] Invalidating all cached data.
[2015-04-24 12:55:07.467][debug][command:6a4b795d-b8ee-4e71-9d60-58ef91ca2083][tid:01][com.facebook.buck.parser.Parser] Parsing BUCK file: /home/chris/goose/sys/BUCK
[2015-04-24 12:55:07.468][debug][command:6a4b795d-b8ee-4e71-9d60-58ef91ca2083][tid:01][com.facebook.buck.io.ExecutableFinder] Executable 'python2' mapped to 'Optional.of(/usr/bin/python2)'
[2015-04-24 12:55:07.468][debug][command:6a4b795d-b8ee-4e71-9d60-58ef91ca2083][tid:01][com.facebook.buck.json.ProjectBuildFileParser] Creating temporary buck.py instance...
[2015-04-24 12:55:07.471][info ][command:6a4b795d-b8ee-4e71-9d60-58ef91ca2083][tid:12][com.facebook.buck.event.listener.LoggingBuildListener] Build started at 2015-04-24 12:55:07.459
[2015-04-24 12:55:07.472][debug][command:6a4b795d-b8ee-4e71-9d60-58ef91ca2083][tid:12][com.facebook.buck.event.listener.LoggingBuildListener] BuckFilesParseStarted()
[2015-04-24 12:55:07.615][debug][command:6a4b795d-b8ee-4e71-9d60-58ef91ca2083][tid:01][com.facebook.buck.json.ProjectBuildFileParser] Created temporary buck.py instance at /home/chris/goose/buck-out/tmp/buck_run.qtn9GL/buck4902379347686531816.py.
[2015-04-24 12:55:07.616][debug][command:6a4b795d-b8ee-4e71-9d60-58ef91ca2083][tid:01][com.facebook.buck.json.ProjectBuildFileParser] Starting buck.py command: [/usr/bin/python2, -u, /home/chris/goose/buck-out/tmp/buck_run.qtn9GL/buck4902379347686531816.py, --allow_empty_globs, --project_root, /home/chris/goose, --build_file_name, BUCK] environment: {TERM=xterm, GNOME_KEYRING_CONTROL=/home/chris/.cache/keyring-8RAqXd, SHLVL=1, SSH_AGENT_PID=3775, PYTHONPATH=/home/chris/buck/third-party/py/pathlib, COLORTERM=gnome-terminal, SESSION_MANAGER=local/goose-dev-debian:@/tmp/.ICE-unix/3711,unix/goose-dev-debian:/tmp/.ICE-unix/3711, GNOME_DESKTOP_SESSION_ID=this-is-deprecated, GDMSESSION=default, XDG_SESSION_COOKIE=38d7ba50b508159de6ea23d95536f720-1429666130.156132-295599349, XDG_DATA_DIRS=/usr/share/gnome:/usr/local/share/:/usr/share/, PWD=/home/chris/goose, WINDOWID=39845892, LOGNAME=chris, GPG_AGENT_INFO=/home/chris/.cache/keyring-8RAqXd/gpg:0:1, _=/usr/bin/buck, SSH_AUTH_SOCK=/home/chris/.cache/keyring-8RAqXd/ssh, OLDPWD=/home/chris/buck, DBUS_SESSION_BUS_ADDRESS=unix:abstract=/tmp/dbus-DtccV2yVbo,guid=fb727ec82d4de86bc20e5ecd5536f952, SHELL=/bin/bash, GNOME_KEYRING_PID=3694, PATH=/usr/local/bin:/usr/bin:/bin:/usr/local/games:/usr/games, DESKTOP_SESSION=default, DISPLAY=:0.0, USER=chris, HOME=/home/chris, XAUTHORITY=/var/run/gdm3/auth-for-chris-JbpuXu/database, WINDOWPATH=8, LS_COLORS=rs=0:di=01;34:ln=01;36:mh=00:pi=40;33:so=01;35:do=01;35:bd=40;33;01:cd=40;33;01:or=40;31;01:su=37;41:sg=30;43:ca=30;41:tw=30;42:ow=34;42:st=37;44:ex=01;32:*.tar=01;31:*.tgz=01;31:*.arj=01;31:*.taz=01;31:*.lzh=01;31:*.lzma=01;31:*.tlz=01;31:*.txz=01;31:*.zip=01;31:*.z=01;31:*.Z=01;31:*.dz=01;31:*.gz=01;31:*.lz=01;31:*.xz=01;31:*.bz2=01;31:*.bz=01;31:*.tbz=01;31:*.tbz2=01;31:*.tz=01;31:*.deb=01;31:*.rpm=01;31:*.jar=01;31:*.war=01;31:*.ear=01;31:*.sar=01;31:*.rar=01;31:*.ace=01;31:*.zoo=01;31:*.cpio=01;31:*.7z=01;31:*.rz=01;31:*.jpg=01;35:*.jpeg=01;35:*.gif=01;35:*.bmp=01;35:*.pbm=01;35:*.pgm=01;35:*.ppm=01;35:*.tga=01;35:*.xbm=01;35:*.xpm=01;35:*.tif=01;35:*.tiff=01;35:*.png=01;35:*.svg=01;35:*.svgz=01;35:*.mng=01;35:*.pcx=01;35:*.mov=01;35:*.mpg=01;35:*.mpeg=01;35:*.m2v=01;35:*.mkv=01;35:*.webm=01;35:*.ogm=01;35:*.mp4=01;35:*.m4v=01;35:*.mp4v=01;35:*.vob=01;35:*.qt=01;35:*.nuv=01;35:*.wmv=01;35:*.asf=01;35:*.rm=01;35:*.rmvb=01;35:*.flc=01;35:*.avi=01;35:*.fli=01;35:*.flv=01;35:*.gl=01;35:*.dl=01;35:*.xcf=01;35:*.xwd=01;35:*.yuv=01;35:*.cgm=01;35:*.emf=01;35:*.axv=01;35:*.anx=01;35:*.ogv=01;35:*.ogx=01;35:*.aac=00;36:*.au=00;36:*.flac=00;36:*.mid=00;36:*.midi=00;36:*.mka=00;36:*.mp3=00;36:*.mpc=00;36:*.ogg=00;36:*.ra=00;36:*.wav=00;36:*.axa=00;36:*.oga=00;36:*.spx=00;36:*.xspf=00;36:, USERNAME=chris, LANG=en_US.UTF-8}
[2015-04-24 12:55:07.621][debug][command:6a4b795d-b8ee-4e71-9d60-58ef91ca2083][tid:01][com.facebook.buck.json.ProjectBuildFileParser] Started process java.lang.UNIXProcess@304e5770 successfully
[2015-04-24 12:55:07.712][debug][command:6a4b795d-b8ee-4e71-9d60-58ef91ca2083][tid:01][com.facebook.buck.json.ProjectBuildFileParser] Parsing output of process java.lang.UNIXProcess@304e5770...
[2015-04-24 12:55:07.719][debug][command:6a4b795d-b8ee-4e71-9d60-58ef91ca2083][tid:01][com.facebook.buck.json.ProjectBuildFileParser] Parsed 3 rules from process
[2015-04-24 12:55:07.734][debug][command:6a4b795d-b8ee-4e71-9d60-58ef91ca2083][tid:12][com.facebook.buck.event.listener.LoggingBuildListener] ParseStarted(//sys:sys_test)
[2015-04-24 12:55:07.744][debug][command:6a4b795d-b8ee-4e71-9d60-58ef91ca2083][tid:01][com.facebook.buck.json.ProjectBuildFileParser] Waiting for process java.lang.UNIXProcess@304e5770 to exit...
[2015-04-24 12:55:07.745][debug][command:6a4b795d-b8ee-4e71-9d60-58ef91ca2083][tid:01][com.facebook.buck.json.ProjectBuildFileParser] Process java.lang.UNIXProcess@304e5770 exited cleanly.
[2015-04-24 12:55:07.741][debug][command:6a4b795d-b8ee-4e71-9d60-58ef91ca2083][tid:12][com.facebook.buck.event.listener.LoggingBuildListener] ParseFinished(//sys:sys_test)
[2015-04-24 12:55:07.751][debug][command:6a4b795d-b8ee-4e71-9d60-58ef91ca2083][tid:12][com.facebook.buck.event.listener.LoggingBuildListener] BuckFilesParseFinished()
[2015-04-24 12:55:07.752][debug][command:6a4b795d-b8ee-4e71-9d60-58ef91ca2083][tid:12][com.facebook.buck.event.listener.LoggingBuildListener] BuildActionGraphStarted()
[2015-04-24 12:55:07.786][debug][command:6a4b795d-b8ee-4e71-9d60-58ef91ca2083][tid:12][com.facebook.buck.event.listener.LoggingBuildListener] BuildActionGraphFinished()
[2015-04-24 12:55:07.807][debug][command:6a4b795d-b8ee-4e71-9d60-58ef91ca2083][tid:12][com.facebook.buck.event.listener.LoggingBuildListener] RuleCountCalculated(//sys:sys_test)
[2015-04-24 12:55:07.924][warn ][command:6a4b795d-b8ee-4e71-9d60-58ef91ca2083][tid:12][com.facebook.buck.rules.RuleKey.Builder] Attempting to add absolute path to rule key. Only using file name: /usr/bin/gcc
[2015-04-24 12:55:07.930][debug][command:6a4b795d-b8ee-4e71-9d60-58ef91ca2083][tid:12][com.facebook.buck.event.listener.LoggingBuildListener] ArtifactFetchCacheStarted(fetch:4821fc6ef18621038a9d034c26182cc9ef0da606)
[2015-04-24 12:55:07.941][debug][command:6a4b795d-b8ee-4e71-9d60-58ef91ca2083][tid:14][com.facebook.buck.rules.CachingBuildEngine] Building locally: //sys:sys_test#compile-io_gas.s.o,default
[2015-04-24 12:55:07.945][debug][command:6a4b795d-b8ee-4e71-9d60-58ef91ca2083][tid:12][com.facebook.buck.event.listener.LoggingBuildListener] ArtifactFetchCacheFinished(fetch:4821fc6ef18621038a9d034c26182cc9ef0da606)
[2015-04-24 12:55:07.945][debug][command:6a4b795d-b8ee-4e71-9d60-58ef91ca2083][tid:14][com.facebook.buck.step.DefaultStepRunner] StepStarted(mkdir)
[2015-04-24 12:55:07.946][debug][command:6a4b795d-b8ee-4e71-9d60-58ef91ca2083][tid:14][com.facebook.buck.step.DefaultStepRunner] StepFinished(mkdir)
[2015-04-24 12:55:07.947][debug][command:6a4b795d-b8ee-4e71-9d60-58ef91ca2083][tid:14][com.facebook.buck.step.DefaultStepRunner] StepStarted(assembler compile)
[2015-04-24 12:55:07.948][debug][command:6a4b795d-b8ee-4e71-9d60-58ef91ca2083][tid:14][com.facebook.buck.cxx.CxxPreprocessAndCompileStep] compile sys/io_gas.s -> buck-out/gen/sys/sys_test#compile-io_gas.s.o,default/io_gas.s.o
[2015-04-24 12:55:07.948][debug][command:6a4b795d-b8ee-4e71-9d60-58ef91ca2083][tid:14][com.facebook.buck.cxx.CxxPreprocessAndCompileStep] Running command (pwd=/home/chris/goose): /usr/bin/gcc -c -o buck-out/gen/sys/sys_test#compile-io_gas.s.o,default/io_gas.s.o sys/io_gas.s
[2015-04-24 12:55:07.990][debug][command:6a4b795d-b8ee-4e71-9d60-58ef91ca2083][tid:14][com.facebook.buck.step.DefaultStepRunner] StepFinished(assembler compile)
[2015-04-24 12:55:07.990][debug][command:6a4b795d-b8ee-4e71-9d60-58ef91ca2083][tid:14][com.facebook.buck.rules.CachingBuildEngine] Build completed: compile //sys:sys_test#compile-io_gas.s.o,default (49226536ns)
[2015-04-24 12:55:08.001][debug][command:6a4b795d-b8ee-4e71-9d60-58ef91ca2083][tid:14][com.facebook.buck.rules.CachingBuildEngine] Building locally: //sys:sys_test#default,header-symlink-tree
[2015-04-24 12:55:08.013][debug][command:6a4b795d-b8ee-4e71-9d60-58ef91ca2083][tid:14][com.facebook.buck.step.DefaultStepRunner] StepStarted(rm_&&_mkdir)
[2015-04-24 12:55:08.014][debug][command:6a4b795d-b8ee-4e71-9d60-58ef91ca2083][tid:14][com.facebook.buck.step.DefaultStepRunner] StepFinished(rm_&&_mkdir)
[2015-04-24 12:55:08.014][debug][command:6a4b795d-b8ee-4e71-9d60-58ef91ca2083][tid:14][com.facebook.buck.step.DefaultStepRunner] StepStarted(link_tree)
[2015-04-24 12:55:08.020][debug][command:6a4b795d-b8ee-4e71-9d60-58ef91ca2083][tid:14][com.facebook.buck.step.DefaultStepRunner] StepFinished(link_tree)
[2015-04-24 12:55:08.021][debug][command:6a4b795d-b8ee-4e71-9d60-58ef91ca2083][tid:14][com.facebook.buck.rules.CachingBuildEngine] Build completed: header_symlink_tree //sys:sys_test#default,header-symlink-tree (19038586ns)
[2015-04-24 12:55:08.049][warn ][command:6a4b795d-b8ee-4e71-9d60-58ef91ca2083][tid:12][com.facebook.buck.rules.RuleKey.Builder] Attempting to add absolute path to rule key. Only using file name: /usr/bin/g++
[2015-04-24 12:55:08.054][debug][command:6a4b795d-b8ee-4e71-9d60-58ef91ca2083][tid:14][com.facebook.buck.rules.CachingBuildEngine] Building locally: //sys:sys_test#default,preprocess-test.cpp.ii
[2015-04-24 12:55:08.055][debug][command:6a4b795d-b8ee-4e71-9d60-58ef91ca2083][tid:14][com.facebook.buck.step.DefaultStepRunner] StepStarted(mkdir)
[2015-04-24 12:55:08.055][debug][command:6a4b795d-b8ee-4e71-9d60-58ef91ca2083][tid:14][com.facebook.buck.step.DefaultStepRunner] StepFinished(mkdir)
[2015-04-24 12:55:08.055][debug][command:6a4b795d-b8ee-4e71-9d60-58ef91ca2083][tid:14][com.facebook.buck.step.DefaultStepRunner] StepStarted(c++ preprocess)
[2015-04-24 12:55:08.056][debug][command:6a4b795d-b8ee-4e71-9d60-58ef91ca2083][tid:14][com.facebook.buck.cxx.CxxPreprocessAndCompileStep] preprocess sys/test.cpp -> buck-out/gen/sys/sys_test#default,preprocess-test.cpp.ii/test.cpp.ii
[2015-04-24 12:55:08.056][debug][command:6a4b795d-b8ee-4e71-9d60-58ef91ca2083][tid:14][com.facebook.buck.cxx.CxxPreprocessAndCompileStep] Running command (pwd=/home/chris/goose): /usr/bin/g++ -E -x c++ '-std=c++11' -I. -m32 nodefaultlibs -I buck-out/gen/sys/sys_test#default,header-symlink-tree sys/test.cpp
[2015-04-24 12:55:08.056][debug][command:6a4b795d-b8ee-4e71-9d60-58ef91ca2083][tid:12][com.facebook.buck.event.listener.LoggingBuildListener] ArtifactFetchCacheStarted(fetch:87ab5ffe7f8599332fba27a3af647cb814c6b68c)
[2015-04-24 12:55:08.057][debug][command:6a4b795d-b8ee-4e71-9d60-58ef91ca2083][tid:12][com.facebook.buck.event.listener.LoggingBuildListener] ArtifactFetchCacheFinished(fetch:87ab5ffe7f8599332fba27a3af647cb814c6b68c)
[2015-04-24 12:55:08.061][warn ][command:6a4b795d-b8ee-4e71-9d60-58ef91ca2083][tid:14][com.facebook.buck.cxx.CxxPreprocessAndCompileStep] error 1 preprocess sys/test.cpp: g++: error: nodefaultlibs: No such file or directory

[2015-04-24 12:55:08.061][debug][command:6a4b795d-b8ee-4e71-9d60-58ef91ca2083][tid:14][com.facebook.buck.step.DefaultStepRunner] StepFinished(c++ preprocess)
[2015-04-24 12:55:08.064][info ][command:6a4b795d-b8ee-4e71-9d60-58ef91ca2083][tid:12][com.facebook.buck.event.listener.LoggingBuildListener] Build finished at 2015-04-24 12:55:08.064
[2015-04-24 12:55:08.066][debug][command:6a4b795d-b8ee-4e71-9d60-58ef91ca2083][tid:01][com.facebook.buck.parser.Parser] Cleaning cache of build files with inputs under symlink []
[2015-04-24 12:55:08.066][debug][command:6a4b795d-b8ee-4e71-9d60-58ef91ca2083][tid:12][com.facebook.buck.event.listener.LoggingBuildListener] CommandFinished(build, isDaemon: false)
[2015-04-24 12:55:08.068][debug][command:6a4b795d-b8ee-4e71-9d60-58ef91ca2083][tid:01][com.facebook.buck.event.listener.ChromeTraceBuildListener] Writing Chrome trace to buck-out/log/traces/build.2015-04-24.12-55-08.6a4b795d-b8ee-4e71-9d60-58ef91ca2083.trace
[2015-04-24 12:55:08.178][debug][command:6a4b795d-b8ee-4e71-9d60-58ef91ca2083][tid:01][com.facebook.buck.cli.Main] Done.
