[2015-04-27 10:31:43.857][debug][command:7cdeffb6-b8a7-4ca6-9dac-bf41a34928fd][tid:01][com.facebook.buck.cli.Main] Starting up (build date 2015-04-23 13:15:42 -0700, rev 56bc2eba8692cc8dfa18e00de1c11d020f653bdf), args: [build, //sys:sys_test]
[2015-04-27 10:31:44.021][debug][command:7cdeffb6-b8a7-4ca6-9dac-bf41a34928fd][tid:01][com.facebook.buck.io.ExecutableFinder] Executable 'python2' mapped to 'Optional.of(/usr/bin/python2)'
[2015-04-27 10:31:44.229][debug][command:7cdeffb6-b8a7-4ca6-9dac-bf41a34928fd][tid:01][com.facebook.buck.io.ExecutableFinder] Executable 'python2' mapped to 'Optional.of(/usr/bin/python2)'
[2015-04-27 10:31:44.233][debug][command:7cdeffb6-b8a7-4ca6-9dac-bf41a34928fd][tid:01][com.facebook.buck.io.ExecutableFinder] Executable 'python2' mapped to 'Optional.of(/usr/bin/python2)'
[2015-04-27 10:31:44.287][debug][command:7cdeffb6-b8a7-4ca6-9dac-bf41a34928fd][tid:01][com.facebook.buck.event.listener.SuperConsoleEventBusListener] Starting render scheduler (interval 100 ms)
[2015-04-27 10:31:44.427][debug][command:7cdeffb6-b8a7-4ca6-9dac-bf41a34928fd][tid:13][com.facebook.buck.event.listener.LoggingBuildListener] CommandStarted(build, isDaemon: false)
[2015-04-27 10:31:44.572][debug][command:7cdeffb6-b8a7-4ca6-9dac-bf41a34928fd][tid:13][com.facebook.buck.event.listener.LoggingBuildListener] ArtifactCacheConnectStarted()
[2015-04-27 10:31:44.577][debug][command:7cdeffb6-b8a7-4ca6-9dac-bf41a34928fd][tid:13][com.facebook.buck.event.listener.LoggingBuildListener] ArtifactCacheConnectFinished()
[2015-04-27 10:31:44.589][info ][command:7cdeffb6-b8a7-4ca6-9dac-bf41a34928fd][tid:13][com.facebook.buck.event.listener.LoggingBuildListener] Build started at 2015-04-27 10:31:44.589
[2015-04-27 10:31:44.597][debug][command:7cdeffb6-b8a7-4ca6-9dac-bf41a34928fd][tid:01][com.facebook.buck.parser.Parser] Parser invalidating entire cache on default include change.
[2015-04-27 10:31:44.598][debug][command:7cdeffb6-b8a7-4ca6-9dac-bf41a34928fd][tid:01][com.facebook.buck.parser.Parser] Invalidating all cached data.
[2015-04-27 10:31:44.598][debug][command:7cdeffb6-b8a7-4ca6-9dac-bf41a34928fd][tid:01][com.facebook.buck.parser.Parser] Invalidating all cached data.
[2015-04-27 10:31:44.598][debug][command:7cdeffb6-b8a7-4ca6-9dac-bf41a34928fd][tid:01][com.facebook.buck.parser.Parser] Parsing BUCK file: /home/chris/goose/sys/BUCK
[2015-04-27 10:31:44.599][debug][command:7cdeffb6-b8a7-4ca6-9dac-bf41a34928fd][tid:01][com.facebook.buck.io.ExecutableFinder] Executable 'python2' mapped to 'Optional.of(/usr/bin/python2)'
[2015-04-27 10:31:44.599][debug][command:7cdeffb6-b8a7-4ca6-9dac-bf41a34928fd][tid:01][com.facebook.buck.json.ProjectBuildFileParser] Creating temporary buck.py instance...
[2015-04-27 10:31:44.671][debug][command:7cdeffb6-b8a7-4ca6-9dac-bf41a34928fd][tid:13][com.facebook.buck.event.listener.LoggingBuildListener] BuckFilesParseStarted()
[2015-04-27 10:31:44.848][debug][command:7cdeffb6-b8a7-4ca6-9dac-bf41a34928fd][tid:01][com.facebook.buck.json.ProjectBuildFileParser] Created temporary buck.py instance at /home/chris/goose/buck-out/tmp/buck_run.tYtP4i/buck7178891010838886867.py.
[2015-04-27 10:31:44.849][debug][command:7cdeffb6-b8a7-4ca6-9dac-bf41a34928fd][tid:01][com.facebook.buck.json.ProjectBuildFileParser] Starting buck.py command: [/usr/bin/python2, -u, /home/chris/goose/buck-out/tmp/buck_run.tYtP4i/buck7178891010838886867.py, --allow_empty_globs, --project_root, /home/chris/goose, --build_file_name, BUCK] environment: {TERM=xterm, GNOME_KEYRING_CONTROL=/home/chris/.cache/keyring-qezD0C, SHLVL=1, SSH_AGENT_PID=3204, PYTHONPATH=/home/chris/buck/third-party/py/pathlib, COLORTERM=gnome-terminal, SESSION_MANAGER=local/goose-dev-debian:@/tmp/.ICE-unix/3122,unix/goose-dev-debian:/tmp/.ICE-unix/3122, GNOME_DESKTOP_SESSION_ID=this-is-deprecated, GDMSESSION=default, XDG_SESSION_COOKIE=38d7ba50b508159de6ea23d95536f720-1430155866.570490-1794917998, XDG_DATA_DIRS=/usr/share/gnome:/usr/local/share/:/usr/share/, PWD=/home/chris/goose, WINDOWID=50331652, LOGNAME=chris, GPG_AGENT_INFO=/home/chris/.cache/keyring-qezD0C/gpg:0:1, _=/usr/bin/buck, SSH_AUTH_SOCK=/home/chris/.cache/keyring-qezD0C/ssh, OLDPWD=/home/chris, DBUS_SESSION_BUS_ADDRESS=unix:abstract=/tmp/dbus-TunMnino0a,guid=f95749b46691dfcdc352267d553e725a, SHELL=/bin/bash, GNOME_KEYRING_PID=3104, PATH=/usr/local/bin:/usr/bin:/bin:/usr/local/games:/usr/games, DESKTOP_SESSION=default, DISPLAY=:0.0, USER=chris, HOME=/home/chris, XAUTHORITY=/var/run/gdm3/auth-for-chris-A2Anbn/database, WINDOWPATH=7, LS_COLORS=rs=0:di=01;34:ln=01;36:mh=00:pi=40;33:so=01;35:do=01;35:bd=40;33;01:cd=40;33;01:or=40;31;01:su=37;41:sg=30;43:ca=30;41:tw=30;42:ow=34;42:st=37;44:ex=01;32:*.tar=01;31:*.tgz=01;31:*.arj=01;31:*.taz=01;31:*.lzh=01;31:*.lzma=01;31:*.tlz=01;31:*.txz=01;31:*.zip=01;31:*.z=01;31:*.Z=01;31:*.dz=01;31:*.gz=01;31:*.lz=01;31:*.xz=01;31:*.bz2=01;31:*.bz=01;31:*.tbz=01;31:*.tbz2=01;31:*.tz=01;31:*.deb=01;31:*.rpm=01;31:*.jar=01;31:*.war=01;31:*.ear=01;31:*.sar=01;31:*.rar=01;31:*.ace=01;31:*.zoo=01;31:*.cpio=01;31:*.7z=01;31:*.rz=01;31:*.jpg=01;35:*.jpeg=01;35:*.gif=01;35:*.bmp=01;35:*.pbm=01;35:*.pgm=01;35:*.ppm=01;35:*.tga=01;35:*.xbm=01;35:*.xpm=01;35:*.tif=01;35:*.tiff=01;35:*.png=01;35:*.svg=01;35:*.svgz=01;35:*.mng=01;35:*.pcx=01;35:*.mov=01;35:*.mpg=01;35:*.mpeg=01;35:*.m2v=01;35:*.mkv=01;35:*.webm=01;35:*.ogm=01;35:*.mp4=01;35:*.m4v=01;35:*.mp4v=01;35:*.vob=01;35:*.qt=01;35:*.nuv=01;35:*.wmv=01;35:*.asf=01;35:*.rm=01;35:*.rmvb=01;35:*.flc=01;35:*.avi=01;35:*.fli=01;35:*.flv=01;35:*.gl=01;35:*.dl=01;35:*.xcf=01;35:*.xwd=01;35:*.yuv=01;35:*.cgm=01;35:*.emf=01;35:*.axv=01;35:*.anx=01;35:*.ogv=01;35:*.ogx=01;35:*.aac=00;36:*.au=00;36:*.flac=00;36:*.mid=00;36:*.midi=00;36:*.mka=00;36:*.mp3=00;36:*.mpc=00;36:*.ogg=00;36:*.ra=00;36:*.wav=00;36:*.axa=00;36:*.oga=00;36:*.spx=00;36:*.xspf=00;36:, USERNAME=chris, LANG=en_US.UTF-8}
[2015-04-27 10:31:44.849][debug][command:7cdeffb6-b8a7-4ca6-9dac-bf41a34928fd][tid:01][com.facebook.buck.json.ProjectBuildFileParser] Started process java.lang.UNIXProcess@666c5994 successfully
[2015-04-27 10:31:44.961][debug][command:7cdeffb6-b8a7-4ca6-9dac-bf41a34928fd][tid:01][com.facebook.buck.json.ProjectBuildFileParser] Parsing output of process java.lang.UNIXProcess@666c5994...
[2015-04-27 10:31:44.971][debug][command:7cdeffb6-b8a7-4ca6-9dac-bf41a34928fd][tid:01][com.facebook.buck.json.ProjectBuildFileParser] Parsed 3 rules from process
[2015-04-27 10:31:44.998][debug][command:7cdeffb6-b8a7-4ca6-9dac-bf41a34928fd][tid:13][com.facebook.buck.event.listener.LoggingBuildListener] ParseStarted(//sys:sys_test)
[2015-04-27 10:31:45.011][debug][command:7cdeffb6-b8a7-4ca6-9dac-bf41a34928fd][tid:13][com.facebook.buck.event.listener.LoggingBuildListener] ParseFinished(//sys:sys_test)
[2015-04-27 10:31:45.015][debug][command:7cdeffb6-b8a7-4ca6-9dac-bf41a34928fd][tid:01][com.facebook.buck.json.ProjectBuildFileParser] Waiting for process java.lang.UNIXProcess@666c5994 to exit...
[2015-04-27 10:31:45.016][debug][command:7cdeffb6-b8a7-4ca6-9dac-bf41a34928fd][tid:01][com.facebook.buck.json.ProjectBuildFileParser] Process java.lang.UNIXProcess@666c5994 exited cleanly.
[2015-04-27 10:31:45.016][debug][command:7cdeffb6-b8a7-4ca6-9dac-bf41a34928fd][tid:13][com.facebook.buck.event.listener.LoggingBuildListener] BuckFilesParseFinished()
[2015-04-27 10:31:45.017][debug][command:7cdeffb6-b8a7-4ca6-9dac-bf41a34928fd][tid:13][com.facebook.buck.event.listener.LoggingBuildListener] BuildActionGraphStarted()
[2015-04-27 10:31:45.090][debug][command:7cdeffb6-b8a7-4ca6-9dac-bf41a34928fd][tid:13][com.facebook.buck.event.listener.LoggingBuildListener] BuildActionGraphFinished()
[2015-04-27 10:31:45.138][debug][command:7cdeffb6-b8a7-4ca6-9dac-bf41a34928fd][tid:13][com.facebook.buck.event.listener.LoggingBuildListener] RuleCountCalculated(//sys:sys_test)
[2015-04-27 10:31:45.275][warn ][command:7cdeffb6-b8a7-4ca6-9dac-bf41a34928fd][tid:13][com.facebook.buck.rules.RuleKey.Builder] Attempting to add absolute path to rule key. Only using file name: /usr/bin/gcc
[2015-04-27 10:31:45.314][warn ][command:7cdeffb6-b8a7-4ca6-9dac-bf41a34928fd][tid:15][com.facebook.buck.rules.RuleKey.Builder] Attempting to add absolute path to rule key. Only using file name: /usr/bin/g++
[2015-04-27 10:31:45.326][warn ][command:7cdeffb6-b8a7-4ca6-9dac-bf41a34928fd][tid:13][com.facebook.buck.rules.RuleKey.Builder] Attempting to add absolute path to rule key. Only using file name: /usr/bin/g++
[2015-04-27 10:31:45.333][warn ][command:7cdeffb6-b8a7-4ca6-9dac-bf41a34928fd][tid:15][com.facebook.buck.rules.RuleKey.Builder] Attempting to add absolute path to rule key. Only using file name: /usr/bin/g++
[2015-04-27 10:31:45.347][debug][command:7cdeffb6-b8a7-4ca6-9dac-bf41a34928fd][tid:13][com.facebook.buck.event.listener.LoggingBuildListener] ArtifactFetchCacheStarted(fetch:99ccd8d8d8d21699b9e3c59613a5448902fbab63)
[2015-04-27 10:31:45.348][debug][command:7cdeffb6-b8a7-4ca6-9dac-bf41a34928fd][tid:15][com.facebook.buck.rules.CachingBuildEngine] Building locally: //sys:sys_test#binary
[2015-04-27 10:31:45.349][debug][command:7cdeffb6-b8a7-4ca6-9dac-bf41a34928fd][tid:13][com.facebook.buck.event.listener.LoggingBuildListener] ArtifactFetchCacheFinished(fetch:99ccd8d8d8d21699b9e3c59613a5448902fbab63)
[2015-04-27 10:31:45.359][debug][command:7cdeffb6-b8a7-4ca6-9dac-bf41a34928fd][tid:15][com.facebook.buck.step.DefaultStepRunner] StepStarted(mkdir)
[2015-04-27 10:31:45.360][debug][command:7cdeffb6-b8a7-4ca6-9dac-bf41a34928fd][tid:15][com.facebook.buck.step.DefaultStepRunner] StepFinished(mkdir)
[2015-04-27 10:31:45.361][debug][command:7cdeffb6-b8a7-4ca6-9dac-bf41a34928fd][tid:15][com.facebook.buck.shell.ShellStep] Command: /usr/bin/g++ -o buck-out/gen/sys/sys_test/sys_test -Wl,-melf_i386 -Wl,-nostdlib -Wl,--whole-archive -Xlinker buck-out/gen/sys/sys_test#compile-io_gas.s.o,default/io_gas.s.o -Wl,--no-whole-archive -Wl,--whole-archive -Xlinker buck-out/gen/sys/sys_test#compile-test.cpp.o,default/test.cpp.o -Wl,--no-whole-archive
[2015-04-27 10:31:45.361][debug][command:7cdeffb6-b8a7-4ca6-9dac-bf41a34928fd][tid:15][com.facebook.buck.step.DefaultStepRunner] StepStarted(c++ link)
[2015-04-27 10:31:45.426][debug][command:7cdeffb6-b8a7-4ca6-9dac-bf41a34928fd][tid:15][com.facebook.buck.step.DefaultStepRunner] StepFinished(c++ link)
[2015-04-27 10:31:45.430][info ][command:7cdeffb6-b8a7-4ca6-9dac-bf41a34928fd][tid:13][com.facebook.buck.event.listener.LoggingBuildListener] Build finished at 2015-04-27 10:31:45.430
[2015-04-27 10:31:45.430][debug][command:7cdeffb6-b8a7-4ca6-9dac-bf41a34928fd][tid:01][com.facebook.buck.parser.Parser] Cleaning cache of build files with inputs under symlink []
[2015-04-27 10:31:45.431][debug][command:7cdeffb6-b8a7-4ca6-9dac-bf41a34928fd][tid:13][com.facebook.buck.event.listener.LoggingBuildListener] CommandFinished(build, isDaemon: false)
[2015-04-27 10:31:45.431][debug][command:7cdeffb6-b8a7-4ca6-9dac-bf41a34928fd][tid:01][com.facebook.buck.event.listener.SuperConsoleEventBusListener] Stopping render scheduler
[2015-04-27 10:31:45.432][debug][command:7cdeffb6-b8a7-4ca6-9dac-bf41a34928fd][tid:01][com.facebook.buck.event.listener.SuperConsoleEventBusListener] Stopping console output (stdout dirty false, stderr dirty true).
[2015-04-27 10:31:45.432][debug][command:7cdeffb6-b8a7-4ca6-9dac-bf41a34928fd][tid:01][com.facebook.buck.event.listener.SuperConsoleEventBusListener] Stopping render scheduler
[2015-04-27 10:31:45.434][debug][command:7cdeffb6-b8a7-4ca6-9dac-bf41a34928fd][tid:01][com.facebook.buck.event.listener.ChromeTraceBuildListener] Writing Chrome trace to buck-out/log/traces/build.2015-04-27.10-31-45.7cdeffb6-b8a7-4ca6-9dac-bf41a34928fd.trace
[2015-04-27 10:31:45.544][debug][command:7cdeffb6-b8a7-4ca6-9dac-bf41a34928fd][tid:01][com.facebook.buck.cli.Main] Done.
